<?xml version="1.0" encoding="UTF-8"?>
<Site BuildName="(empty)"
	BuildStamp="20240913-1609-Experimental"
	Name="ubuntu"
	Generator="ctest-3.16.3"
	CompilerName="/usr/bin/c++"
	CompilerVersion="9.4.0"
	OSName="Linux"
	Hostname="ubuntu"
	OSRelease="5.15.0-119-generic"
	OSVersion="#129~20.04.1-Ubuntu SMP Wed Aug 7 13:07:13 UTC 2024"
	OSPlatform="x86_64"
	Is64Bits="1"
	VendorString="AuthenticAMD"
	VendorID="Advanced Micro Devices"
	FamilyID="25"
	ModelID="116"
	ProcessorCacheSize="1024"
	NumberOfLogicalCPU="8"
	NumberOfPhysicalCPU="8"
	TotalVirtualMemory="1873"
	TotalPhysicalMemory="7936"
	LogicalProcessorsPerPhysical="1"
	ProcessorClockFrequency="3792.66"
	>
	<Testing>
		<StartDateTime>Sep 14 02:39 AEST</StartDateTime>
		<StartTestTime>1726245562</StartTestTime>
		<TestList/>
		<EndDateTime>Sep 14 02:39 AEST</EndDateTime>
		<EndTestTime>1726245562</EndTestTime>
		<ElapsedMinutes>0</ElapsedMinutes>
	</Testing>
</Site>
